<?xml version="1.0" encoding="UTF-8"?>
<testsuite xmlns:xsi="http://www.w3.org/2001/XMLSchema-instance" xsi:noNamespaceSchemaLocation="https://maven.apache.org/surefire/maven-failsafe-plugin/xsd/failsafe-test-report.xsd" name="imagerepo.ImageRepoAppIT" time="30.037" tests="6" errors="0" skipped="0" failures="0">
  <properties>
[...]
</properties>
  <testcase name="testGetImage" classname="imagerepo.ImageRepoAppIT" time="5.785"/>
  <testcase name="testUploadImageAlreadyExists" classname="imagerepo.ImageRepoAppIT" time="1.426"/>
  <testcase name="testDeleteImageHappyPath" classname="imagerepo.ImageRepoAppIT" time="1.807"/>
  <testcase name="testUploadImageHappyPath" classname="imagerepo.ImageRepoAppIT" time="1.326"/>
  <testcase name="testDeleteImageNotAllowed" classname="imagerepo.ImageRepoAppIT" time="3.212"/>
  <testcase name="testGetImages" classname="imagerepo.ImageRepoAppIT" time="1.493"/>
</testsuite>